--------------------------------------------------------------------------------
Release 14.7 Trace  (lin64)
Copyright (c) 1995-2013 Xilinx, Inc.  All rights reserved.

/media/brian/RootMount/Programs/ISEwebPack/14.7/ISE_DS/ISE/bin/lin64/unwrapped/trce
-intstyle ise -v 3 -s 5 -n 3 -fastpaths -xml top_module.twx top_module.ncd -o
top_module.twr top_module.pcf

Design file:              top_module.ncd
Physical constraint file: top_module.pcf
Device,package,speed:     xc3s1200e,fg320,-5 (PRODUCTION 1.27 2013-10-13)
Report level:             verbose report

Environment Variable      Effect 
--------------------      ------ 
NONE                      No environment variables were set
--------------------------------------------------------------------------------

INFO:Timing:2698 - No timing constraints found, doing default enumeration.
INFO:Timing:3412 - To improve timing, see the Timing Closure User Guide (UG612).
INFO:Timing:2752 - To get complete path coverage, use the unconstrained paths 
   option. All paths that are not constrained will be reported in the 
   unconstrained paths section(s) of the report.
INFO:Timing:3339 - The clock-to-out numbers in this timing report are based on 
   a 50 Ohm transmission line loading model.  For the details of this model, 
   and for more information on accounting for different loading conditions, 
   please see the device datasheet.
INFO:Timing:3390 - This architecture does not support a default System Jitter 
   value, please add SYSTEM_JITTER constraint to the UCF to modify the Clock 
   Uncertainty calculation.
INFO:Timing:3389 - This architecture does not support 'Discrete Jitter' and 
   'Phase Error' calculations, these terms will be zero in the Clock 
   Uncertainty calculation.  Please make appropriate modification to 
   SYSTEM_JITTER to account for the unsupported Discrete Jitter and Phase 
   Error.



Data Sheet report:
-----------------
All values displayed in nanoseconds (ns)

Setup/Hold to clock PS2C
------------+------------+------------+------------------+--------+
            |Max Setup to|Max Hold to |                  | Clock  |
Source      | clk (edge) | clk (edge) |Internal Clock(s) | Phase  |
------------+------------+------------+------------------+--------+
PS2D        |    1.648(F)|    1.864(F)|PS2C_BUFGP        |   0.000|
------------+------------+------------+------------------+--------+

Clock PS2C to Pad
------------+------------+------------------+--------+
            | clk (edge) |                  | Clock  |
Destination |   to PAD   |Internal Clock(s) | Phase  |
------------+------------+------------------+--------+
LEDs<0>     |    9.297(F)|PS2C_BUFGP        |   0.000|
LEDs<1>     |    9.203(F)|PS2C_BUFGP        |   0.000|
LEDs<2>     |    8.909(F)|PS2C_BUFGP        |   0.000|
------------+------------+------------------+--------+

Clock clk to Pad
------------+------------+------------------+--------+
            | clk (edge) |                  | Clock  |
Destination |   to PAD   |Internal Clock(s) | Phase  |
------------+------------+------------------+--------+
Hsync       |    8.670(R)|clk25mhz          |   0.000|
LEDs<3>     |    8.780(R)|clk_IBUFG         |   0.000|
LEDs<4>     |    8.490(R)|clk_IBUFG         |   0.000|
LEDs<6>     |    8.730(R)|clk_IBUFG         |   0.000|
Vsync       |    8.028(R)|clk25mhz          |   0.000|
vgaBlue<2>  |    8.449(R)|clk25mhz          |   0.000|
vgaBlue<3>  |    8.339(R)|clk25mhz          |   0.000|
vgaGreen<1> |    8.921(R)|clk25mhz          |   0.000|
vgaGreen<2> |    9.628(R)|clk25mhz          |   0.000|
vgaGreen<3> |    8.313(R)|clk25mhz          |   0.000|
vgaRed<1>   |   10.460(R)|clk25mhz          |   0.000|
vgaRed<2>   |    8.743(R)|clk25mhz          |   0.000|
vgaRed<3>   |    8.810(R)|clk25mhz          |   0.000|
------------+------------+------------------+--------+

Clock to Setup on destination clock PS2C
---------------+---------+---------+---------+---------+
               | Src:Rise| Src:Fall| Src:Rise| Src:Fall|
Source Clock   |Dest:Rise|Dest:Rise|Dest:Fall|Dest:Fall|
---------------+---------+---------+---------+---------+
PS2C           |         |         |         |    4.323|
clk            |         |         |         |    5.948|
---------------+---------+---------+---------+---------+

Clock to Setup on destination clock clk
---------------+---------+---------+---------+---------+
               | Src:Rise| Src:Fall| Src:Rise| Src:Fall|
Source Clock   |Dest:Rise|Dest:Rise|Dest:Fall|Dest:Fall|
---------------+---------+---------+---------+---------+
PS2C           |         |   10.095|         |    5.071|
clk            |   14.270|    3.675|         |    5.002|
---------------+---------+---------+---------+---------+


Analysis completed Mon Dec  9 12:04:07 2013 
--------------------------------------------------------------------------------

Trace Settings:
-------------------------
Trace Settings 

Peak Memory Usage: 365 MB



