Release 14.7 - xst P.20131013 (lin64)
Copyright (c) 1995-2013 Xilinx, Inc.  All rights reserved.
--> 
Parameter TMPDIR set to xst/projnav.tmp


Total REAL time to Xst completion: 1.00 secs
Total CPU time to Xst completion: 0.15 secs
 
--> 
Parameter xsthdpdir set to xst


Total REAL time to Xst completion: 1.00 secs
Total CPU time to Xst completion: 0.15 secs
 
--> 
Reading design: Top_module.prj

TABLE OF CONTENTS
  1) Synthesis Options Summary
  2) HDL Compilation
  3) Design Hierarchy Analysis
  4) HDL Analysis
  5) HDL Synthesis
     5.1) HDL Synthesis Report
  6) Advanced HDL Synthesis
     6.1) Advanced HDL Synthesis Report
  7) Low Level Synthesis
  8) Partition Report
  9) Final Report
	9.1) Device utilization summary
	9.2) Partition Resource Summary
	9.3) TIMING REPORT


=========================================================================
*                      Synthesis Options Summary                        *
=========================================================================
---- Source Parameters
Input File Name                    : "Top_module.prj"
Input Format                       : mixed
Ignore Synthesis Constraint File   : NO

---- Target Parameters
Output File Name                   : "Top_module"
Output Format                      : NGC
Target Device                      : xc3s1200e-5-fg320

---- Source Options
Top Module Name                    : Top_module
Automatic FSM Extraction           : YES
FSM Encoding Algorithm             : Auto
Safe Implementation                : No
FSM Style                          : LUT
RAM Extraction                     : Yes
RAM Style                          : Auto
ROM Extraction                     : Yes
Mux Style                          : Auto
Decoder Extraction                 : YES
Priority Encoder Extraction        : Yes
Shift Register Extraction          : YES
Logical Shifter Extraction         : YES
XOR Collapsing                     : YES
ROM Style                          : Auto
Mux Extraction                     : Yes
Resource Sharing                   : YES
Asynchronous To Synchronous        : NO
Multiplier Style                   : Auto
Automatic Register Balancing       : No

---- Target Options
Add IO Buffers                     : YES
Global Maximum Fanout              : 100000
Add Generic Clock Buffer(BUFG)     : 24
Register Duplication               : YES
Slice Packing                      : YES
Optimize Instantiated Primitives   : NO
Use Clock Enable                   : Yes
Use Synchronous Set                : Yes
Use Synchronous Reset              : Yes
Pack IO Registers into IOBs        : Auto
Equivalent register Removal        : YES

---- General Options
Optimization Goal                  : Speed
Optimization Effort                : 1
Keep Hierarchy                     : No
Netlist Hierarchy                  : As_Optimized
RTL Output                         : Yes
Global Optimization                : AllClockNets
Read Cores                         : YES
Write Timing Constraints           : NO
Cross Clock Analysis               : NO
Hierarchy Separator                : /
Bus Delimiter                      : <>
Case Specifier                     : Maintain
Slice Utilization Ratio            : 100
BRAM Utilization Ratio             : 100
Verilog 2001                       : YES
Auto BRAM Packing                  : NO
Slice Utilization Ratio Delta      : 5

=========================================================================


=========================================================================
*                          HDL Compilation                              *
=========================================================================
Compiling vhdl file "/home/brian/Desktop/583final/Breakout/Sync.vhd" in Library work.
Architecture behavioral of Entity sync is up to date.
Compiling vhdl file "/home/brian/Desktop/583final/Breakout/BreakRaster.vhd" in Library work.
Entity <breakraster> compiled.
Entity <breakraster> (Architecture <dataflow>) compiled.
Compiling vhdl file "/home/brian/Desktop/583final/Breakout/VGA_Breakout.vhd" in Library work.
Architecture structural of Entity vga is up to date.
Compiling vhdl file "/home/brian/Desktop/583final/Breakout/DCM.vhd" in Library work.
Architecture behavioral of Entity dcm is up to date.
Compiling vhdl file "/home/brian/Desktop/583final/Breakout/Top_module.vhd" in Library work.
Architecture structural of Entity top_module is up to date.

=========================================================================
*                     Design Hierarchy Analysis                         *
=========================================================================
Analyzing hierarchy for entity <Top_module> in library <work> (architecture <structural>).

Analyzing hierarchy for entity <VGA> in library <work> (architecture <structural>).

Analyzing hierarchy for entity <DCM> in library <work> (architecture <behavioral>).

Analyzing hierarchy for entity <Sync> in library <work> (architecture <behavioral>).

Analyzing hierarchy for entity <BreakRaster> in library <work> (architecture <dataflow>).


=========================================================================
*                            HDL Analysis                               *
=========================================================================
Analyzing Entity <Top_module> in library <work> (Architecture <structural>).
Entity <Top_module> analyzed. Unit <Top_module> generated.

Analyzing Entity <VGA> in library <work> (Architecture <structural>).
Entity <VGA> analyzed. Unit <VGA> generated.

Analyzing Entity <Sync> in library <work> (Architecture <behavioral>).
Entity <Sync> analyzed. Unit <Sync> generated.

Analyzing Entity <BreakRaster> in library <work> (Architecture <dataflow>).
WARNING:Xst:790 - "/home/brian/Desktop/583final/Breakout/BreakRaster.vhd" line 61: Index value(s) does not match array range, simulation mismatch.
Entity <BreakRaster> analyzed. Unit <BreakRaster> generated.

Analyzing Entity <DCM> in library <work> (Architecture <behavioral>).
    Set user-defined property "CLKDV_DIVIDE =  2.0000000000000000" for instance <DCM_SP_INST> in unit <DCM>.
    Set user-defined property "CLKFX_DIVIDE =  1" for instance <DCM_SP_INST> in unit <DCM>.
    Set user-defined property "CLKFX_MULTIPLY =  4" for instance <DCM_SP_INST> in unit <DCM>.
    Set user-defined property "CLKIN_DIVIDE_BY_2 =  FALSE" for instance <DCM_SP_INST> in unit <DCM>.
    Set user-defined property "CLKIN_PERIOD =  20.0000000000000000" for instance <DCM_SP_INST> in unit <DCM>.
    Set user-defined property "CLKOUT_PHASE_SHIFT =  NONE" for instance <DCM_SP_INST> in unit <DCM>.
    Set user-defined property "CLK_FEEDBACK =  1X" for instance <DCM_SP_INST> in unit <DCM>.
    Set user-defined property "DESKEW_ADJUST =  SYSTEM_SYNCHRONOUS" for instance <DCM_SP_INST> in unit <DCM>.
    Set user-defined property "DFS_FREQUENCY_MODE =  LOW" for instance <DCM_SP_INST> in unit <DCM>.
    Set user-defined property "DLL_FREQUENCY_MODE =  LOW" for instance <DCM_SP_INST> in unit <DCM>.
    Set user-defined property "DSS_MODE =  NONE" for instance <DCM_SP_INST> in unit <DCM>.
    Set user-defined property "DUTY_CYCLE_CORRECTION =  TRUE" for instance <DCM_SP_INST> in unit <DCM>.
    Set user-defined property "FACTORY_JF =  C080" for instance <DCM_SP_INST> in unit <DCM>.
    Set user-defined property "PHASE_SHIFT =  0" for instance <DCM_SP_INST> in unit <DCM>.
    Set user-defined property "STARTUP_WAIT =  FALSE" for instance <DCM_SP_INST> in unit <DCM>.
Entity <DCM> analyzed. Unit <DCM> generated.


=========================================================================
*                           HDL Synthesis                               *
=========================================================================

Performing bidirectional port resolution...

Synthesizing Unit <Sync>.
    Related source file is "/home/brian/Desktop/583final/Breakout/Sync.vhd".
    Found 1-bit register for signal <VSync>.
    Found 4-bit register for signal <B>.
    Found 4-bit register for signal <G>.
    Found 4-bit register for signal <R>.
    Found 1-bit register for signal <HSync>.
    Found 12-bit comparator greater for signal <B$cmp_gt0000> created at line 50.
    Found 12-bit comparator greater for signal <B$cmp_gt0001> created at line 50.
    Found 12-bit comparator less for signal <B$cmp_lt0000> created at line 50.
    Found 12-bit comparator less for signal <B$cmp_lt0001> created at line 50.
    Found 12-bit comparator greater for signal <HSync$cmp_gt0000> created at line 40.
    Found 12-bit comparator less for signal <HSync$cmp_lt0000> created at line 40.
    Found 12-bit comparator greater for signal <VSync$cmp_gt0000> created at line 45.
    Found 12-bit comparator less for signal <VSync$cmp_lt0000> created at line 45.
    Found 12-bit subtractor for signal <x$addsub0000> created at line 21.
    Found 12-bit comparator greater for signal <x$cmp_gt0000> created at line 21.
    Found 12-bit up counter for signal <x_pos>.
    Found 12-bit comparator less for signal <x_pos$cmp_lt0000> created at line 29.
    Found 12-bit subtractor for signal <y$addsub0000> created at line 23.
    Found 12-bit comparator greater for signal <y$cmp_gt0000> created at line 23.
    Found 12-bit up counter for signal <y_pos>.
    Found 12-bit comparator less for signal <y_pos$cmp_lt0000> created at line 33.
    Summary:
	inferred   2 Counter(s).
	inferred  14 D-type flip-flop(s).
	inferred   2 Adder/Subtractor(s).
	inferred  12 Comparator(s).
Unit <Sync> synthesized.


Synthesizing Unit <BreakRaster>.
    Related source file is "/home/brian/Desktop/583final/Breakout/BreakRaster.vhd".
WARNING:Xst:647 - Input <draw_mode> is never used. This port will be preserved and left unconnected if it belongs to a top-level block or it belongs to a sub-block and the hierarchy of this sub-block is preserved.
WARNING:Xst:646 - Signal <vy> is assigned but never used. This unconnected signal will be trimmed during the optimization process.
WARNING:Xst:646 - Signal <vx> is assigned but never used. This unconnected signal will be trimmed during the optimization process.
    Found 128x1-bit ROM for signal <bricks$mux0000> created at line 61.
    Found 12-bit comparator greatequal for signal <B$cmp_le0000> created at line 68.
    Found 12-bit comparator greatequal for signal <B$cmp_le0001> created at line 51.
    Found 12-bit comparator greatequal for signal <B$cmp_le0002> created at line 51.
    Found 12-bit comparator greatequal for signal <B$cmp_le0003> created at line 55.
    Found 12-bit comparator less for signal <B$cmp_lt0000> created at line 39.
    Found 12-bit comparator less for signal <B$cmp_lt0001> created at line 42.
    Found 12-bit comparator less for signal <B$cmp_lt0002> created at line 46.
    Found 12-bit comparator less for signal <B$cmp_lt0003> created at line 64.
    Found 12-bit comparator less for signal <B$cmp_lt0004> created at line 68.
    Found 12-bit comparator less for signal <B$cmp_lt0005> created at line 51.
    Found 12-bit comparator less for signal <B$cmp_lt0006> created at line 51.
    Found 12-bit comparator less for signal <B$cmp_lt0007> created at line 55.
    Found 24-bit adder for signal <bricks$add0000> created at line 61.
    Found 12x12-bit multiplier for signal <bricks$mult0000> created at line 61.
    Found 12-bit comparator less for signal <R$cmp_lt0000> created at line 71.
    Found 12-bit subtractor for signal <vx$sub0000> created at line 57.
    Found 12-bit subtractor for signal <vy$sub0000> created at line 58.
    Summary:
	inferred   1 ROM(s).
	inferred   3 Adder/Subtractor(s).
	inferred   1 Multiplier(s).
	inferred  13 Comparator(s).
Unit <BreakRaster> synthesized.


Synthesizing Unit <VGA>.
    Related source file is "/home/brian/Desktop/583final/Breakout/VGA_Breakout.vhd".
WARNING:Xst:647 - Input <rst> is never used. This port will be preserved and left unconnected if it belongs to a top-level block or it belongs to a sub-block and the hierarchy of this sub-block is preserved.
WARNING:Xst:646 - Signal <VGA_R<0>> is assigned but never used. This unconnected signal will be trimmed during the optimization process.
WARNING:Xst:646 - Signal <VGA_G<0>> is assigned but never used. This unconnected signal will be trimmed during the optimization process.
WARNING:Xst:646 - Signal <VGA_B<1:0>> is assigned but never used. This unconnected signal will be trimmed during the optimization process.
Unit <VGA> synthesized.


Synthesizing Unit <DCM>.
    Related source file is "/home/brian/Desktop/583final/Breakout/DCM.vhd".
Unit <DCM> synthesized.


Synthesizing Unit <Top_module>.
    Related source file is "/home/brian/Desktop/583final/Breakout/Top_module.vhd".
WARNING:Xst:646 - Signal <clk50mhz> is assigned but never used. This unconnected signal will be trimmed during the optimization process.
Unit <Top_module> synthesized.


=========================================================================
HDL Synthesis Report

Macro Statistics
# ROMs                                                 : 1
 128x1-bit ROM                                         : 1
# Multipliers                                          : 1
 12x12-bit multiplier                                  : 1
# Adders/Subtractors                                   : 5
 12-bit subtractor                                     : 4
 24-bit adder                                          : 1
# Counters                                             : 2
 12-bit up counter                                     : 2
# Registers                                            : 5
 1-bit register                                        : 2
 4-bit register                                        : 3
# Comparators                                          : 25
 12-bit comparator greatequal                          : 4
 12-bit comparator greater                             : 6
 12-bit comparator less                                : 15

=========================================================================

=========================================================================
*                       Advanced HDL Synthesis                          *
=========================================================================

WARNING:Xst:79 - Model 'DCM' has different characteristics in destination library
WARNING:Xst:80 - Model name has been changed to 'DCM1'
WARNING:Xst:1710 - FF/Latch <R_1> (without init value) has a constant value of 0 in block <Sync_Imp>. This FF/Latch will be trimmed during the optimization process.
WARNING:Xst:1710 - FF/Latch <G_1> (without init value) has a constant value of 0 in block <Sync_Imp>. This FF/Latch will be trimmed during the optimization process.
WARNING:Xst:1710 - FF/Latch <G_2> (without init value) has a constant value of 0 in block <Sync_Imp>. This FF/Latch will be trimmed during the optimization process.
WARNING:Xst:2677 - Node <B_0> of sequential type is unconnected in block <Sync_Imp>.
WARNING:Xst:2677 - Node <B_1> of sequential type is unconnected in block <Sync_Imp>.
WARNING:Xst:2677 - Node <R_0> of sequential type is unconnected in block <Sync_Imp>.
WARNING:Xst:2677 - Node <G_0> of sequential type is unconnected in block <Sync_Imp>.

=========================================================================
Advanced HDL Synthesis Report

Macro Statistics
# ROMs                                                 : 1
 128x1-bit ROM                                         : 1
# Multipliers                                          : 1
 12x12-bit multiplier                                  : 1
# Adders/Subtractors                                   : 5
 12-bit subtractor                                     : 4
 7-bit adder                                           : 1
# Counters                                             : 2
 12-bit up counter                                     : 2
# Registers                                            : 14
 Flip-Flops                                            : 14
# Comparators                                          : 25
 12-bit comparator greatequal                          : 4
 12-bit comparator greater                             : 6
 12-bit comparator less                                : 15

=========================================================================

=========================================================================
*                         Low Level Synthesis                           *
=========================================================================

Optimizing unit <Top_module> ...

Optimizing unit <Sync> ...

Optimizing unit <BreakRaster> ...
WARNING:Xst:1710 - FF/Latch <VGA_impl/Sync_Imp/G_2> (without init value) has a constant value of 0 in block <Top_module>. This FF/Latch will be trimmed during the optimization process.
WARNING:Xst:1710 - FF/Latch <VGA_impl/Sync_Imp/G_1> (without init value) has a constant value of 0 in block <Top_module>. This FF/Latch will be trimmed during the optimization process.
WARNING:Xst:1710 - FF/Latch <VGA_impl/Sync_Imp/R_1> (without init value) has a constant value of 0 in block <Top_module>. This FF/Latch will be trimmed during the optimization process.
WARNING:Xst:2677 - Node <VGA_impl/Sync_Imp/G_0> of sequential type is unconnected in block <Top_module>.
WARNING:Xst:2677 - Node <VGA_impl/Sync_Imp/R_0> of sequential type is unconnected in block <Top_module>.
WARNING:Xst:2677 - Node <VGA_impl/Sync_Imp/B_1> of sequential type is unconnected in block <Top_module>.
WARNING:Xst:2677 - Node <VGA_impl/Sync_Imp/B_0> of sequential type is unconnected in block <Top_module>.

Mapping all equations...
Building and optimizing final netlist ...
Found area constraint ratio of 100 (+ 5) on block Top_module, actual ratio is 1.

Final Macro Processing ...

=========================================================================
Final Register Report

Macro Statistics
# Registers                                            : 31
 Flip-Flops                                            : 31

=========================================================================

=========================================================================
*                           Partition Report                            *
=========================================================================

Partition Implementation Status
-------------------------------

  No Partitions were found in this design.

-------------------------------

=========================================================================
*                            Final Report                               *
=========================================================================
Final Results
RTL Top Level Output File Name     : Top_module.ngr
Top Level Output File Name         : Top_module
Output Format                      : NGC
Optimization Goal                  : Speed
Keep Hierarchy                     : No

Design Statistics
# IOs                              : 11

Cell Usage :
# BELS                             : 336
#      GND                         : 1
#      INV                         : 15
#      LUT1                        : 32
#      LUT2                        : 43
#      LUT2_D                      : 2
#      LUT3                        : 7
#      LUT3_D                      : 1
#      LUT3_L                      : 4
#      LUT4                        : 63
#      LUT4_D                      : 8
#      LUT4_L                      : 2
#      MUXCY                       : 106
#      MUXF5                       : 2
#      VCC                         : 1
#      XORCY                       : 49
# FlipFlops/Latches                : 31
#      FDR                         : 18
#      FDRE                        : 12
#      FDRS                        : 1
# Clock Buffers                    : 3
#      BUFG                        : 3
# IO Buffers                       : 11
#      IBUFG                       : 1
#      OBUF                        : 10
# DCMs                             : 1
#      DCM_SP                      : 1
# MULTs                            : 1
#      MULT18X18SIO                : 1
=========================================================================

Device utilization summary:
---------------------------

Selected Device : 3s1200efg320-5 

 Number of Slices:                       99  out of   8672     1%  
 Number of Slice Flip Flops:             31  out of  17344     0%  
 Number of 4 input LUTs:                177  out of  17344     1%  
 Number of IOs:                          11
 Number of bonded IOBs:                  11  out of    250     4%  
 Number of MULT18X18SIOs:                 1  out of     28     3%  
 Number of GCLKs:                         3  out of     24    12%  
 Number of DCMs:                          1  out of      8    12%  

---------------------------
Partition Resource Summary:
---------------------------

  No Partitions were found in this design.

---------------------------


=========================================================================
TIMING REPORT

NOTE: THESE TIMING NUMBERS ARE ONLY A SYNTHESIS ESTIMATE.
      FOR ACCURATE TIMING INFORMATION PLEASE REFER TO THE TRACE REPORT
      GENERATED AFTER PLACE-and-ROUTE.

Clock Information:
------------------
-----------------------------------+------------------------------------+-------+
Clock Signal                       | Clock buffer(FF name)              | Load  |
-----------------------------------+------------------------------------+-------+
clk25mhz1(clk25mhz1:O)             | BUFG(*)(VGA_impl/Sync_Imp/y_pos_11)| 31    |
-----------------------------------+------------------------------------+-------+
(*) This 1 clock signal(s) are generated by combinatorial logic,
and XST is not able to identify which are the primary clock signals.
Please use the CLOCK_SIGNAL constraint to specify the clock signal(s) generated by combinatorial logic.

Asynchronous Control Signals Information:
----------------------------------------
No asynchronous control signals found in this design

Timing Summary:
---------------
Speed Grade: -5

   Minimum period: 13.956ns (Maximum Frequency: 71.656MHz)
   Minimum input arrival time before clock: No path found
   Maximum output required time after clock: 4.040ns
   Maximum combinational path delay: No path found

Timing Detail:
--------------
All values displayed in nanoseconds (ns)

=========================================================================
Timing constraint: Default period analysis for Clock 'clk25mhz1'
  Clock period: 13.956ns (frequency: 71.656MHz)
  Total number of paths / destination ports: 19021 / 73
-------------------------------------------------------------------------
Delay:               13.956ns (Levels of Logic = 20)
  Source:            VGA_impl/Sync_Imp/y_pos_2 (FF)
  Destination:       VGA_impl/Sync_Imp/B_3 (FF)
  Source Clock:      clk25mhz1 rising
  Destination Clock: clk25mhz1 rising

  Data Path: VGA_impl/Sync_Imp/y_pos_2 to VGA_impl/Sync_Imp/B_3
                                Gate     Net
    Cell:in->out      fanout   Delay   Delay  Logical Name (Net Name)
    ----------------------------------------  ------------
     FDRE:C->Q             8   0.514   0.795  VGA_impl/Sync_Imp/y_pos_2 (VGA_impl/Sync_Imp/y_pos_2)
     LUT2:I0->O            1   0.612   0.000  VGA_impl/Sync_Imp/Mcompar_y_cmp_gt0000_lut<1> (VGA_impl/Sync_Imp/Mcompar_y_cmp_gt0000_lut<1>)
     MUXCY:S->O            1   0.404   0.000  VGA_impl/Sync_Imp/Mcompar_y_cmp_gt0000_cy<1> (VGA_impl/Sync_Imp/Mcompar_y_cmp_gt0000_cy<1>)
     MUXCY:CI->O           1   0.052   0.000  VGA_impl/Sync_Imp/Mcompar_y_cmp_gt0000_cy<2> (VGA_impl/Sync_Imp/Mcompar_y_cmp_gt0000_cy<2>)
     MUXCY:CI->O           1   0.052   0.000  VGA_impl/Sync_Imp/Mcompar_y_cmp_gt0000_cy<3> (VGA_impl/Sync_Imp/Mcompar_y_cmp_gt0000_cy<3>)
     MUXCY:CI->O           1   0.052   0.000  VGA_impl/Sync_Imp/Mcompar_y_cmp_gt0000_cy<4> (VGA_impl/Sync_Imp/Mcompar_y_cmp_gt0000_cy<4>)
     MUXCY:CI->O          35   0.399   1.143  VGA_impl/Sync_Imp/Mcompar_y_cmp_gt0000_cy<5> (VGA_impl/Sync_Imp/Mcompar_y_cmp_gt0000_cy<5>)
     LUT2:I1->O            4   0.612   0.000  VGA_impl/Sync_Imp/y<2>1 (VGA_impl/y<2>)
     MUXCY:S->O            1   0.404   0.000  VGA_impl/BreakRaster_Imp/Msub_vy_sub0000_cy<2> (VGA_impl/BreakRaster_Imp/Msub_vy_sub0000_cy<2>)
     XORCY:CI->O           1   0.699   0.357  VGA_impl/BreakRaster_Imp/Msub_vy_sub0000_xor<3> (VGA_impl/BreakRaster_Imp/vy_sub0000<3>)
     MULT18X18SIO:A0->P0    1   3.251   0.426  VGA_impl/BreakRaster_Imp/Mmult_bricks_mult0000 (VGA_impl/BreakRaster_Imp/bricks_mult0000<0>)
     LUT2:I1->O            1   0.612   0.000  VGA_impl/BreakRaster_Imp/Madd_bricks_add0000_Madd_lut<0> (VGA_impl/BreakRaster_Imp/Madd_bricks_add0000_Madd_lut<0>)
     MUXCY:S->O            1   0.404   0.000  VGA_impl/BreakRaster_Imp/Madd_bricks_add0000_Madd_cy<0> (VGA_impl/BreakRaster_Imp/Madd_bricks_add0000_Madd_cy<0>)
     MUXCY:CI->O           1   0.052   0.000  VGA_impl/BreakRaster_Imp/Madd_bricks_add0000_Madd_cy<1> (VGA_impl/BreakRaster_Imp/Madd_bricks_add0000_Madd_cy<1>)
     MUXCY:CI->O           1   0.052   0.000  VGA_impl/BreakRaster_Imp/Madd_bricks_add0000_Madd_cy<2> (VGA_impl/BreakRaster_Imp/Madd_bricks_add0000_Madd_cy<2>)
     MUXCY:CI->O           1   0.052   0.000  VGA_impl/BreakRaster_Imp/Madd_bricks_add0000_Madd_cy<3> (VGA_impl/BreakRaster_Imp/Madd_bricks_add0000_Madd_cy<3>)
     MUXCY:CI->O           1   0.052   0.000  VGA_impl/BreakRaster_Imp/Madd_bricks_add0000_Madd_cy<4> (VGA_impl/BreakRaster_Imp/Madd_bricks_add0000_Madd_cy<4>)
     MUXCY:CI->O           0   0.052   0.000  VGA_impl/BreakRaster_Imp/Madd_bricks_add0000_Madd_cy<5> (VGA_impl/BreakRaster_Imp/Madd_bricks_add0000_Madd_cy<5>)
     XORCY:CI->O           1   0.699   0.360  VGA_impl/BreakRaster_Imp/Madd_bricks_add0000_Madd_xor<6> (VGA_impl/BreakRaster_Imp/bricks_add0000<6>)
     LUT4_D:I3->O          1   0.612   0.360  VGA_impl/BreakRaster_Imp/B<2>139 (VGA_impl/BreakRaster_Imp/B<2>139)
     LUT4:I3->O            1   0.612   0.000  VGA_impl/BreakRaster_Imp/B<2>1166 (VGA_impl/BreakRaster_Imp/N11)
     FDRS:D                    0.268          VGA_impl/Sync_Imp/B_3
    ----------------------------------------
    Total                     13.956ns (10.515ns logic, 3.441ns route)
                                       (75.3% logic, 24.7% route)

=========================================================================
Timing constraint: Default OFFSET OUT AFTER for Clock 'clk25mhz1'
  Total number of paths / destination ports: 7 / 7
-------------------------------------------------------------------------
Offset:              4.040ns (Levels of Logic = 1)
  Source:            VGA_impl/Sync_Imp/VSync (FF)
  Destination:       Vsync (PAD)
  Source Clock:      clk25mhz1 rising

  Data Path: VGA_impl/Sync_Imp/VSync to Vsync
                                Gate     Net
    Cell:in->out      fanout   Delay   Delay  Logical Name (Net Name)
    ----------------------------------------  ------------
     FDR:C->Q              1   0.514   0.357  VGA_impl/Sync_Imp/VSync (VGA_impl/Sync_Imp/VSync)
     OBUF:I->O                 3.169          Vsync_OBUF (Vsync)
    ----------------------------------------
    Total                      4.040ns (3.683ns logic, 0.357ns route)
                                       (91.2% logic, 8.8% route)

=========================================================================


Total REAL time to Xst completion: 7.00 secs
Total CPU time to Xst completion: 6.18 secs
 
--> 


Total memory usage is 539880 kilobytes

Number of errors   :    0 (   0 filtered)
Number of warnings :   25 (   0 filtered)
Number of infos    :    0 (   0 filtered)

