--------------------------------------------------------------------------------
Release 14.7 Trace  (lin64)
Copyright (c) 1995-2013 Xilinx, Inc.  All rights reserved.

/media/brian/RootMount/Programs/ISEwebPack/14.7/ISE_DS/ISE/bin/lin64/unwrapped/trce
-intstyle ise -v 3 -s 5 -n 3 -fastpaths -xml Top_module.twx Top_module.ncd -o
Top_module.twr Top_module.pcf

Design file:              Top_module.ncd
Physical constraint file: Top_module.pcf
Device,package,speed:     xc3s1200e,fg320,-5 (PRODUCTION 1.27 2013-10-13)
Report level:             verbose report

Environment Variable      Effect 
--------------------      ------ 
NONE                      No environment variables were set
--------------------------------------------------------------------------------

INFO:Timing:2698 - No timing constraints found, doing default enumeration.
INFO:Timing:3412 - To improve timing, see the Timing Closure User Guide (UG612).
INFO:Timing:2752 - To get complete path coverage, use the unconstrained paths 
   option. All paths that are not constrained will be reported in the 
   unconstrained paths section(s) of the report.
INFO:Timing:3339 - The clock-to-out numbers in this timing report are based on 
   a 50 Ohm transmission line loading model.  For the details of this model, 
   and for more information on accounting for different loading conditions, 
   please see the device datasheet.
INFO:Timing:3390 - This architecture does not support a default System Jitter 
   value, please add SYSTEM_JITTER constraint to the UCF to modify the Clock 
   Uncertainty calculation.
INFO:Timing:3389 - This architecture does not support 'Discrete Jitter' and 
   'Phase Error' calculations, these terms will be zero in the Clock 
   Uncertainty calculation.  Please make appropriate modification to 
   SYSTEM_JITTER to account for the unsupported Discrete Jitter and Phase 
   Error.



Data Sheet report:
-----------------
All values displayed in nanoseconds (ns)

Clock clk to Pad
------------+------------+------------------+--------+
            | clk (edge) |                  | Clock  |
Destination |   to PAD   |Internal Clock(s) | Phase  |
------------+------------+------------------+--------+
Hsync       |   10.746(R)|clk25mhz          |   0.000|
Vsync       |   10.694(R)|clk25mhz          |   0.000|
vgaBlue<2>  |   11.038(R)|clk25mhz          |   0.000|
vgaBlue<3>  |   11.039(R)|clk25mhz          |   0.000|
vgaGreen<1> |   10.574(R)|clk25mhz          |   0.000|
vgaGreen<2> |   10.581(R)|clk25mhz          |   0.000|
vgaGreen<3> |   11.549(R)|clk25mhz          |   0.000|
vgaRed<1>   |   10.765(R)|clk25mhz          |   0.000|
vgaRed<2>   |   10.353(R)|clk25mhz          |   0.000|
vgaRed<3>   |   10.521(R)|clk25mhz          |   0.000|
------------+------------+------------------+--------+

Clock to Setup on destination clock clk
---------------+---------+---------+---------+---------+
               | Src:Rise| Src:Fall| Src:Rise| Src:Fall|
Source Clock   |Dest:Rise|Dest:Rise|Dest:Fall|Dest:Fall|
---------------+---------+---------+---------+---------+
clk            |    6.055|         |         |         |
---------------+---------+---------+---------+---------+


Analysis completed Mon Nov 18 15:22:22 2013 
--------------------------------------------------------------------------------

Trace Settings:
-------------------------
Trace Settings 

Peak Memory Usage: 359 MB



