--------------------------------------------------------------------------------
Release 14.7 Trace  (lin64)
Copyright (c) 1995-2013 Xilinx, Inc.  All rights reserved.

/media/brian/RootMount/Programs/ISEwebPack/14.7/ISE_DS/ISE/bin/lin64/unwrapped/trce
-intstyle ise -v 3 -s 5 -n 3 -fastpaths -xml VGA.twx VGA.ncd -o VGA.twr VGA.pcf

Design file:              VGA.ncd
Physical constraint file: VGA.pcf
Device,package,speed:     xc3s1200e,ft256,-5 (PRODUCTION 1.27 2013-10-13)
Report level:             verbose report

Environment Variable      Effect 
--------------------      ------ 
NONE                      No environment variables were set
--------------------------------------------------------------------------------

INFO:Timing:2698 - No timing constraints found, doing default enumeration.
INFO:Timing:3412 - To improve timing, see the Timing Closure User Guide (UG612).
INFO:Timing:2752 - To get complete path coverage, use the unconstrained paths 
   option. All paths that are not constrained will be reported in the 
   unconstrained paths section(s) of the report.
INFO:Timing:3339 - The clock-to-out numbers in this timing report are based on 
   a 50 Ohm transmission line loading model.  For the details of this model, 
   and for more information on accounting for different loading conditions, 
   please see the device datasheet.
INFO:Timing:3390 - This architecture does not support a default System Jitter 
   value, please add SYSTEM_JITTER constraint to the UCF to modify the Clock 
   Uncertainty calculation.
INFO:Timing:3389 - This architecture does not support 'Discrete Jitter' and 
   'Phase Error' calculations, these terms will be zero in the Clock 
   Uncertainty calculation.  Please make appropriate modification to 
   SYSTEM_JITTER to account for the unsupported Discrete Jitter and Phase 
   Error.



Data Sheet report:
-----------------
All values displayed in nanoseconds (ns)

Clock B8 to Pad
------------+------------+------------------+--------+
            | clk (edge) |                  | Clock  |
Destination |   to PAD   |Internal Clock(s) | Phase  |
------------+------------+------------------+--------+
N8          |    7.752(R)|B8_BUFGP          |   0.000|
P6          |    8.453(R)|B8_BUFGP          |   0.000|
P8          |    8.453(R)|B8_BUFGP          |   0.000|
R8          |    7.995(R)|B8_BUFGP          |   0.000|
R9          |    8.869(R)|B8_BUFGP          |   0.000|
T4          |    7.307(R)|B8_BUFGP          |   0.000|
T8          |    8.869(R)|B8_BUFGP          |   0.000|
U3          |    7.231(R)|B8_BUFGP          |   0.000|
U4          |    7.361(R)|B8_BUFGP          |   0.000|
U5          |    7.573(R)|B8_BUFGP          |   0.000|
------------+------------+------------------+--------+

Clock to Setup on destination clock B8
---------------+---------+---------+---------+---------+
               | Src:Rise| Src:Fall| Src:Rise| Src:Fall|
Source Clock   |Dest:Rise|Dest:Rise|Dest:Fall|Dest:Fall|
---------------+---------+---------+---------+---------+
B8             |    6.454|         |         |         |
---------------+---------+---------+---------+---------+


Analysis completed Mon Nov 18 11:42:44 2013 
--------------------------------------------------------------------------------

Trace Settings:
-------------------------
Trace Settings 

Peak Memory Usage: 359 MB



