Release 14.7 Map P.20131013 (lin64)
Xilinx Mapping Report File for Design 'VGA'

Design Information
------------------
Command Line   : map -intstyle ise -p xc3s1200e-ft256-5 -cm area -ir off -pr off
-c 100 -o VGA_map.ncd VGA.ngd VGA.pcf 
Target Device  : xc3s1200e
Target Package : ft256
Target Speed   : -5
Mapper Version : spartan3e -- $Revision: 1.55 $
Mapped Date    : Thu Nov 14 21:18:08 2013

Design Summary
--------------
Number of errors   :   1
Number of warnings :   0

Section 1 - Errors
------------------
ERROR:Security:9c - No 'ISE' nor 'WebPack' feature version 2013.10 was available
for part 'xc3s1200e'.
ERROR:Map:258 - A problem was encountered attempting to get the license for this
   architecture. 

Section 2 - Warnings
--------------------
WARNING:Security:43 - No license file was found in the standard Xilinx license
directory.
WARNING:Security:44 - Since no license file was found,

Section 3 - Informational
-------------------------
INFO:Security:51 - The XILINXD_LICENSE_FILE environment variable is not set.
INFO:Security:53 - The LM_LICENSE_FILE environment variable is not set.
INFO:Security:54 - 'xc3s1200e' is a WebPack part.
INFO:Security:68a - user is brian, on host unknown.
