
****** PlanAhead v14.7 (64-bit)
  **** Build 321239 by xbuild on Fri Sep 27 19:24:36 MDT 2013
    ** Copyright 1986-1999, 2001-2013 Xilinx, Inc. All Rights Reserved.

INFO: [Common 17-78] Attempting to get a license: PlanAhead
INFO: [Common 17-290] Got license for PlanAhead
INFO: [Device 21-36] Loading parts and site information from /media/brian/RootMount/Programs/ISEwebPack/14.7/ISE_DS/PlanAhead/data/parts/arch.xml
Parsing RTL primitives file [/media/brian/RootMount/Programs/ISEwebPack/14.7/ISE_DS/PlanAhead/data/parts/xilinx/rtl/prims/rtl_prims.xml]
Finished parsing RTL primitives file [/media/brian/RootMount/Programs/ISEwebPack/14.7/ISE_DS/PlanAhead/data/parts/xilinx/rtl/prims/rtl_prims.xml]
start_gui
source /home/brian/Desktop/583final/Breakout/pa.fromHdl.tcl
# create_project -name Breakout -dir "/home/brian/Desktop/583final/Breakout/planAhead_run_2" -part xc3s1200eft256-5
# set_param project.pinAheadLayout yes
# set srcset [get_property srcset [current_run -impl]]
# set_property target_constrs_file "Top_module.ucf" [current_fileset -constrset]
Adding file '/home/brian/Desktop/583final/Breakout/Top_module.ucf' to fileset 'constrs_1'
# set hdlfile [add_files [list {Sync.vhd}]]
# set_property file_type VHDL $hdlfile
# set_property library work $hdlfile
# set hdlfile [add_files [list {BreakRaster.vhd}]]
# set_property file_type VHDL $hdlfile
# set_property library work $hdlfile
# set hdlfile [add_files [list {VGA_Breakout.vhd}]]
# set_property file_type VHDL $hdlfile
# set_property library work $hdlfile
# set hdlfile [add_files [list {Top_module.vhd}]]
# set_property file_type VHDL $hdlfile
# set_property library work $hdlfile
# set_property top Top_module $srcset
# add_files [list {Top_module.ucf}] -fileset [get_property constrset [current_run]]
# open_rtl_design -part xc3s1200eft256-5
Using Verific elaboration
Parsing VHDL file "/media/brian/RootMount/Programs/ISEwebPack/14.7/ISE_DS/PlanAhead/data/parts/xilinx/rtl/lib/synplify/synattr.vhd" into library synplify
Parsing VHDL file "/media/brian/RootMount/Programs/ISEwebPack/14.7/ISE_DS/PlanAhead/data/parts/xilinx/rtl/lib/synplify/synattr.vhd" into library synplify
Parsing VHDL file "/home/brian/Desktop/583final/Breakout/Sync.vhd" into library work
Parsing VHDL file "/home/brian/Desktop/583final/Breakout/BreakRaster.vhd" into library work
Parsing VHDL file "/home/brian/Desktop/583final/Breakout/VGA_Breakout.vhd" into library work
Parsing VHDL file "/home/brian/Desktop/583final/Breakout/Top_module.vhd" into library work
INFO: [Designutils 20-910] Reading macro library /media/brian/RootMount/Programs/ISEwebPack/14.7/ISE_DS/PlanAhead/data/./parts/xilinx/spartan3e/spartan3e/hd_int_macros.edn
Parsing EDIF File [/media/brian/RootMount/Programs/ISEwebPack/14.7/ISE_DS/PlanAhead/data/./parts/xilinx/spartan3e/spartan3e/hd_int_macros.edn]
Finished Parsing EDIF File [/media/brian/RootMount/Programs/ISEwebPack/14.7/ISE_DS/PlanAhead/data/./parts/xilinx/spartan3e/spartan3e/hd_int_macros.edn]
Loading clock regions from /media/brian/RootMount/Programs/ISEwebPack/14.7/ISE_DS/PlanAhead/data/parts/xilinx/spartan3e/spartan3e/xc3s1200e/ClockRegion.xml
Loading clock buffers from /media/brian/RootMount/Programs/ISEwebPack/14.7/ISE_DS/PlanAhead/data/parts/xilinx/spartan3e/spartan3e/xc3s1200e/ClockBuffers.xml
Loading package from /media/brian/RootMount/Programs/ISEwebPack/14.7/ISE_DS/PlanAhead/data/parts/xilinx/spartan3e/spartan3e/xc3s1200e/ft256/Package.xml
Loading io standards from /media/brian/RootMount/Programs/ISEwebPack/14.7/ISE_DS/PlanAhead/data/./parts/xilinx/spartan3e/IOStandards.xml
INFO: [Device 21-19] Loading pkg sso from /media/brian/RootMount/Programs/ISEwebPack/14.7/ISE_DS/PlanAhead/data/parts/xilinx/spartan3e/spartan3e/xc3s1200e/ft256/SSORules.xml
Loading list of drcs for the architecture : /media/brian/RootMount/Programs/ISEwebPack/14.7/ISE_DS/PlanAhead/data/./parts/xilinx/spartan3e/spartan3e/drc.xml
INFO: [Timing 38-77] Reading timing library /media/brian/RootMount/Programs/ISEwebPack/14.7/ISE_DS/PlanAhead/data/parts/xilinx/spartan3e/spartan3e/spartan3e-5.lib.
INFO: [Timing 38-34] Done reading timing library /media/brian/RootMount/Programs/ISEwebPack/14.7/ISE_DS/PlanAhead/data/parts/xilinx/spartan3e/spartan3e/spartan3e-5.lib.
Parsing UCF File [/home/brian/Desktop/583final/Breakout/Top_module.ucf]
Finished Parsing UCF File [/home/brian/Desktop/583final/Breakout/Top_module.ucf]
INFO: [Project 1-111] Unisim Transformation Summary:
No Unisim elements were transformed.

Phase 0 | Netlist Checksum: 3595d6c1
open_rtl_design: Time (s): cpu = 00:00:17 ; elapsed = 00:00:10 . Memory (MB): peak = 2793.016 ; gain = 116.605
update_compile_order -fileset sim_1
exit
ERROR: [Common 17-39] 'stop_gui' failed due to earlier errors.
INFO: [Common 17-206] Exiting PlanAhead at Mon Nov 18 12:40:54 2013...
INFO: [Common 17-83] Releasing license: PlanAhead
